Unity Editor version:    2021.3.0f1 (6eacc8284459)
Branch:                  2021.3/staging
Build type:              Release
Batch mode:              YES
macOS version:           Version 11.5 (Build 20G71)
Darwin version:          20.6.0
Architecture:            x86_64
Running under Rosetta:   NO
Available memory:        8192 MB
Using pre-set license
Pro License: YES

COMMAND LINE ARGUMENTS:
/Applications/Unity/Hub/Editor/2021.3.0f1/Unity.app/Contents/MacOS/Unity
-adb2
-batchMode
-noUpm
-name
AssetImportWorker29
-projectPath
/Users/vincentshi/Downloads/HW_1-main
-logFile
Logs/AssetImportWorker29.log
-srvPort
50356
Successfully changed project path to: /Users/vincentshi/Downloads/HW_1-main
/Users/vincentshi/Downloads/HW_1-main
[UnityMemory] Configuration Parameters - Can be set up in boot.config
    "memorysetup-bucket-allocator-granularity=16"
    "memorysetup-bucket-allocator-bucket-count=8"
    "memorysetup-bucket-allocator-block-size=33554432"
    "memorysetup-bucket-allocator-block-count=8"
    "memorysetup-main-allocator-block-size=16777216"
    "memorysetup-thread-allocator-block-size=16777216"
    "memorysetup-gfx-main-allocator-block-size=16777216"
    "memorysetup-gfx-thread-allocator-block-size=16777216"
    "memorysetup-cache-allocator-block-size=4194304"
    "memorysetup-typetree-allocator-block-size=2097152"
    "memorysetup-profiler-bucket-allocator-granularity=16"
    "memorysetup-profiler-bucket-allocator-bucket-count=8"
    "memorysetup-profiler-bucket-allocator-block-size=33554432"
    "memorysetup-profiler-bucket-allocator-block-count=8"
    "memorysetup-profiler-allocator-block-size=16777216"
    "memorysetup-profiler-editor-allocator-block-size=1048576"
    "memorysetup-temp-allocator-size-main=16777216"
    "memorysetup-job-temp-allocator-block-size=2097152"
    "memorysetup-job-temp-allocator-block-size-background=1048576"
    "memorysetup-job-temp-allocator-reduction-small-platforms=262144"
    "memorysetup-temp-allocator-size-background-worker=32768"
    "memorysetup-temp-allocator-size-job-worker=262144"
    "memorysetup-temp-allocator-size-preload-manager=33554432"
    "memorysetup-temp-allocator-size-nav-mesh-worker=65536"
    "memorysetup-temp-allocator-size-audio-worker=65536"
    "memorysetup-temp-allocator-size-cloud-worker=32768"
    "memorysetup-temp-allocator-size-gi-baking-worker=262144"
    "memorysetup-temp-allocator-size-gfx=262144"
Refreshing native plugins compatible for Editor in 187.26 ms, found 2 plugins.
Preloading 0 native plugins for Editor in 0.00 ms.
Initialize engine version: 2021.3.0f1 (6eacc8284459)
[Subsystems] Discovering subsystems at path /Applications/Unity/Hub/Editor/2021.3.0f1/Unity.app/Contents/Resources/UnitySubsystems
[Subsystems] Discovering subsystems at path /Users/vincentshi/Downloads/HW_1-main/Assets
GfxDevice: creating device client; threaded=0; jobified=0
iMac preferred device: Intel(R) Iris(TM) Plus Graphics 640 (low power)
Metal devices available: 1
0: Intel(R) Iris(TM) Plus Graphics 640 (low power)
Using device Intel(R) Iris(TM) Plus Graphics 640 (low power)
Initializing Metal device caps: Intel(R) Iris(TM) Plus Graphics 640
Initialize mono
Mono path[0] = '/Applications/Unity/Hub/Editor/2021.3.0f1/Unity.app/Contents/Managed'
Mono path[1] = '/Applications/Unity/Hub/Editor/2021.3.0f1/Unity.app/Contents/MonoBleedingEdge/lib/mono/unityjit-macos'
Mono config path = '/Applications/Unity/Hub/Editor/2021.3.0f1/Unity.app/Contents/MonoBleedingEdge/etc'
Using monoOptions --debugger-agent=transport=dt_socket,embedding=1,server=y,suspend=n,address=127.0.0.1:56004
Begin MonoManager ReloadAssembly
Registering precompiled unity dll's ...
Register platform support module: /Applications/Unity/Hub/Editor/2021.3.0f1/PlaybackEngines/WebGLSupport/UnityEditor.WebGL.Extensions.dll
Register platform support module: /Applications/Unity/Hub/Editor/2021.3.0f1/Unity.app/Contents/PlaybackEngines/MacStandaloneSupport/UnityEditor.OSXStandalone.Extensions.dll
Registered in 0.003777 seconds.
Native extension for OSXStandalone target not found
Native extension for WebGL target not found
Refreshing native plugins compatible for Editor in 108.13 ms, found 2 plugins.
Preloading 0 native plugins for Editor in 0.00 ms.
Mono: successfully reloaded assembly
- Completed reload, in  1.127 seconds
Domain Reload Profiling:
	ReloadAssembly (1127ms)
		BeginReloadAssembly (88ms)
			ExecutionOrderSort (0ms)
			DisableScriptedObjects (0ms)
			BackupInstance (0ms)
			ReleaseScriptingObjects (0ms)
			CreateAndSetChildDomain (1ms)
		EndReloadAssembly (810ms)
			LoadAssemblies (88ms)
			RebuildTransferFunctionScriptingTraits (0ms)
			SetupTypeCache (228ms)
			ReleaseScriptCaches (0ms)
			RebuildScriptCaches (52ms)
			SetupLoadedEditorAssemblies (443ms)
				LogAssemblyErrors (0ms)
				InitializePlatformSupportModulesInManaged (13ms)
				SetLoadedEditorAssemblies (1ms)
				RefreshPlugins (108ms)
				BeforeProcessingInitializeOnLoad (2ms)
				ProcessInitializeOnLoadAttributes (244ms)
				ProcessInitializeOnLoadMethodAttributes (76ms)
				AfterProcessingInitializeOnLoad (0ms)
				EditorAssembliesLoaded (0ms)
			ExecutionOrderSort2 (0ms)
			AwakeInstancesAfterBackupRestoration (0ms)
Platform modules already initialized, skipping
Registering precompiled user dll's ...
Registered in 0.283705 seconds.
Begin MonoManager ReloadAssembly
Symbol file LoadedFromMemory doesn't match image /Users/vincentshi/Downloads/HW_1-main/Library/PackageCache/com.unity.visualscripting@1.7.8/Editor/VisualScripting.Core/Dependencies/YamlDotNet/Unity.VisualScripting.YamlDotNet.dll
Symbol file LoadedFromMemory doesn't match image /Users/vincentshi/Downloads/HW_1-main/Library/PackageCache/com.unity.visualscripting@1.7.8/Editor/VisualScripting.Core/Dependencies/DotNetZip/Unity.VisualScripting.IonicZip.dll
Native extension for OSXStandalone target not found
Native extension for WebGL target not found
Refreshing native plugins compatible for Editor in 0.72 ms, found 2 plugins.
Preloading 0 native plugins for Editor in 0.00 ms.
Mono: successfully reloaded assembly
- Completed reload, in  4.469 seconds
Domain Reload Profiling:
	ReloadAssembly (4471ms)
		BeginReloadAssembly (187ms)
			ExecutionOrderSort (0ms)
			DisableScriptedObjects (12ms)
			BackupInstance (0ms)
			ReleaseScriptingObjects (0ms)
			CreateAndSetChildDomain (53ms)
		EndReloadAssembly (3731ms)
			LoadAssemblies (1052ms)
			RebuildTransferFunctionScriptingTraits (0ms)
			SetupTypeCache (820ms)
			ReleaseScriptCaches (1ms)
			RebuildScriptCaches (154ms)
			SetupLoadedEditorAssemblies (1519ms)
				LogAssemblyErrors (0ms)
				InitializePlatformSupportModulesInManaged (34ms)
				SetLoadedEditorAssemblies (1ms)
				RefreshPlugins (1ms)
				BeforeProcessingInitializeOnLoad (169ms)
				ProcessInitializeOnLoadAttributes (811ms)
				ProcessInitializeOnLoadMethodAttributes (497ms)
				AfterProcessingInitializeOnLoad (5ms)
				EditorAssembliesLoaded (0ms)
			ExecutionOrderSort2 (0ms)
			AwakeInstancesAfterBackupRestoration (10ms)
Platform modules already initialized, skipping
========================================================================
Worker process is ready to serve import requests
Launching external process: /Applications/Unity/Hub/Editor/2021.3.0f1/Unity.app/Contents/Tools/UnityShaderCompiler
Launched and connected shader compiler UnityShaderCompiler after 0.68 seconds
Refreshing native plugins compatible for Editor in 0.60 ms, found 2 plugins.
Preloading 0 native plugins for Editor in 0.00 ms.
Unloading 3229 Unused Serialized files (Serialized files now loaded: 0)
Unloading 22 unused Assets / (98.8 KB). Loaded Objects now: 3704.
Memory consumption went from 233.8 MB to 233.8 MB.
Total: 4.790008 ms (FindLiveObjects: 0.500340 ms CreateObjectMapping: 0.277716 ms MarkObjects: 3.923162 ms  DeleteObjects: 0.087560 ms)

AssetImportParameters requested are different than current active one (requested -> active):
  custom:video-decoder-ogg-theora: a1e56fd34408186e4bbccfd4996cb3dc -> 
  custom:container-muxer-webm: aa71ff27fc2769a1b78a27578f13a17b -> 
  custom:container-demuxer-webm: 4f35f7cbe854078d1ac9338744f61a02 -> 
  custom:video-encoder-webm-vp8: eb34c28f22e8b96e1ab97ce403110664 -> 
  custom:framework-osx-AVFoundation: e770b220cccbd017edd2c1fefb359320 -> 
  custom:audio-encoder-webm-vorbis: bf7c407c2cedff20999df2af8eb42d56 -> 
  custom:container-demuxer-ogg: 62fdf1f143b41e24485cea50d1cbac27 -> 
  custom:video-decoder-webm-vp8: 9c59270c3fd7afecdb556c50c9e8de78 -> 
  custom:audio-decoder-ogg-vorbis: bf7c407c2cedff20999df2af8eb42d56 -> 
========================================================================
Received Import Request.
  Time since last request: 5352.495105 seconds.
  path: Assets/Textures
  artifactKey: Guid(2b00d8f84a8cdd545919f8c3e3066532) Importer(815301076,1909f56bfc062723c751e8b465ee728b)
Start importing Assets/Textures using Guid(2b00d8f84a8cdd545919f8c3e3066532) Importer(815301076,1909f56bfc062723c751e8b465ee728b)  -> (artifact id: '959c76eea62a521caafb2c8481254e2f') in 0.081843 seconds 
========================================================================
Received Import Request.
  Time since last request: 0.114951 seconds.
  path: Assets/Textures/Eye.jpg
  artifactKey: Guid(1eb1c2b986dde8141b4db2ab16192084) Importer(815301076,1909f56bfc062723c751e8b465ee728b)
Start importing Assets/Textures/Eye.jpg using Guid(1eb1c2b986dde8141b4db2ab16192084) Importer(815301076,1909f56bfc062723c751e8b465ee728b)  -> (artifact id: 'cb71b23d470490f7db1d4e57ccbe699a') in 8.787029 seconds 
========================================================================
Received Import Request.
  Time since last request: 0.000271 seconds.
  path: Assets/Textures/Fabric_Normal_Map.jpg
  artifactKey: Guid(3619be3c574eff64e83625747a62d594) Importer(815301076,1909f56bfc062723c751e8b465ee728b)
Start importing Assets/Textures/Fabric_Normal_Map.jpg using Guid(3619be3c574eff64e83625747a62d594) Importer(815301076,1909f56bfc062723c751e8b465ee728b)  -> (artifact id: '3e3a252b0f25218ebf3efff2bf2c6335') in 0.818945 seconds 
========================================================================
Received Import Request.
  Time since last request: 0.000060 seconds.
  path: Assets/Textures/Hair.jpg
  artifactKey: Guid(527d8b0d3adcafa418234d5b0b44ed9c) Importer(815301076,1909f56bfc062723c751e8b465ee728b)
Start importing Assets/Textures/Hair.jpg using Guid(527d8b0d3adcafa418234d5b0b44ed9c) Importer(815301076,1909f56bfc062723c751e8b465ee728b)  -> (artifact id: 'df1ae455ffad645e480f112270f57baa') in 0.796761 seconds 
========================================================================
Received Import Request.
  Time since last request: 0.000093 seconds.
  path: Assets/Textures/Wall.jpg
  artifactKey: Guid(edb0298e30f49114bbf2ed44db0123a4) Importer(815301076,1909f56bfc062723c751e8b465ee728b)
Start importing Assets/Textures/Wall.jpg using Guid(edb0298e30f49114bbf2ed44db0123a4) Importer(815301076,1909f56bfc062723c751e8b465ee728b)  -> (artifact id: 'd985f48b5aafff90d279f3c58a893341') in 0.414638 seconds 
========================================================================
Received Import Request.
  Time since last request: 462.685258 seconds.
  path: Assets/Textures/NewBrush.brush
  artifactKey: Guid(1b898c6ba15a84694b0bb3f102bf55e0) Importer(815301076,1909f56bfc062723c751e8b465ee728b)
Start importing Assets/Textures/NewBrush.brush using Guid(1b898c6ba15a84694b0bb3f102bf55e0) Importer(815301076,1909f56bfc062723c751e8b465ee728b)  -> (artifact id: 'a635d20056bb8fa6e1f00472153de171') in 2.392061 seconds 
========================================================================
Received Import Request.
  Time since last request: 1022.155412 seconds.
  path: Assets/TerrainData_60daff6a-b48e-4e46-aecb-f7e9b0537a22.asset
  artifactKey: Guid(a6396ca3c51554bcd9d2bd12dd40d5f1) Importer(815301076,1909f56bfc062723c751e8b465ee728b)
Start importing Assets/TerrainData_60daff6a-b48e-4e46-aecb-f7e9b0537a22.asset using Guid(a6396ca3c51554bcd9d2bd12dd40d5f1) Importer(815301076,1909f56bfc062723c751e8b465ee728b)  -> (artifact id: '2faf39148a7cd59f130a8c311cfdcae0') in 0.860029 seconds 
========================================================================
Received Import Request.
  Time since last request: 858.054886 seconds.
  path: Assets
  artifactKey: Guid(00000000000000001000000000000000) Importer(815301076,1909f56bfc062723c751e8b465ee728b)
Start importing Assets using Guid(00000000000000001000000000000000) Importer(815301076,1909f56bfc062723c751e8b465ee728b)  -> (artifact id: '79842766b460edbeab6a34051e857a80') in 0.057227 seconds 
========================================================================
Received Import Request.
  Time since last request: 12.808852 seconds.
  path: Assets/Materials/New Material.mat
  artifactKey: Guid(ef9ea6a9aba704edc9bd0ae7d6ee64d5) Importer(815301076,1909f56bfc062723c751e8b465ee728b)
Start importing Assets/Materials/New Material.mat using Guid(ef9ea6a9aba704edc9bd0ae7d6ee64d5) Importer(815301076,1909f56bfc062723c751e8b465ee728b)  -> (artifact id: '7724838361a14fe831079bbf2a30f4ee') in 1.859035 seconds 
========================================================================
Received Import Request.
  Time since last request: 198.686045 seconds.
  path: Assets/Scenes/Sphere (1).prefab
  artifactKey: Guid(6c22c0076bc894742ad646e5565abc17) Importer(815301076,1909f56bfc062723c751e8b465ee728b)
Start importing Assets/Scenes/Sphere (1).prefab using Guid(6c22c0076bc894742ad646e5565abc17) Importer(815301076,1909f56bfc062723c751e8b465ee728b)  -> (artifact id: 'b1bbe0ac206ca2cbebe6a909467742ae') in 1.176423 seconds 
========================================================================
Received Import Request.
  Time since last request: 199.314966 seconds.
  path: Assets/Scenes/Sphere (1).prefab
  artifactKey: Guid(6c22c0076bc894742ad646e5565abc17) Importer(815301076,1909f56bfc062723c751e8b465ee728b)
Start importing Assets/Scenes/Sphere (1).prefab using Guid(6c22c0076bc894742ad646e5565abc17) Importer(815301076,1909f56bfc062723c751e8b465ee728b)  -> (artifact id: 'aac5eb893e2a78319ba7c812da4b5188') in 0.018576 seconds 
========================================================================
Received Import Request.
  Time since last request: 4.006598 seconds.
  path: Assets/Scenes/Sphere (1).prefab
  artifactKey: Guid(6c22c0076bc894742ad646e5565abc17) Importer(815301076,1909f56bfc062723c751e8b465ee728b)
Start importing Assets/Scenes/Sphere (1).prefab using Guid(6c22c0076bc894742ad646e5565abc17) Importer(815301076,1909f56bfc062723c751e8b465ee728b)  -> (artifact id: 'afcb57a3e74ba664e61ca8095cf885e7') in 0.016101 seconds 
========================================================================
Received Import Request.
  Time since last request: 2.874515 seconds.
  path: Assets/Scenes/Sphere (1).prefab
  artifactKey: Guid(6c22c0076bc894742ad646e5565abc17) Importer(815301076,1909f56bfc062723c751e8b465ee728b)
Start importing Assets/Scenes/Sphere (1).prefab using Guid(6c22c0076bc894742ad646e5565abc17) Importer(815301076,1909f56bfc062723c751e8b465ee728b)  -> (artifact id: 'fae53ae1b8d33de8baa4559f2136d130') in 0.013342 seconds 
========================================================================
Received Import Request.
  Time since last request: 650.258847 seconds.
  path: Assets/Materials/Eye.mat
  artifactKey: Guid(de2deca85a8044b1381dcb9f954c7e02) Importer(815301076,1909f56bfc062723c751e8b465ee728b)
Start importing Assets/Materials/Eye.mat using Guid(de2deca85a8044b1381dcb9f954c7e02) Importer(815301076,1909f56bfc062723c751e8b465ee728b)  -> (artifact id: 'b1444d30dc9ac272cbed8fa2138c428c') in 0.122414 seconds 
========================================================================
Received Import Request.
  Time since last request: 342.058073 seconds.
  path: Assets/Textures/NewLayer.terrainlayer
  artifactKey: Guid(bda102cba06b84209926037657197db7) Importer(815301076,1909f56bfc062723c751e8b465ee728b)
Start importing Assets/Textures/NewLayer.terrainlayer using Guid(bda102cba06b84209926037657197db7) Importer(815301076,1909f56bfc062723c751e8b465ee728b)  -> (artifact id: '0b3c79397998ae510fbbe9fcea701f7f') in 0.460066 seconds 
